<?xml version="1.0" encoding="UTF-8"?>
<testsuite name="Add Customer Test"
           tests="4"
           failures="0"
           errors="0"
           skipped="0"
           time="18.554">
  <properties />
  
  
            <testcase name="addCustomerTest" time="4.593" classname="com.hp.testcases.AddCustomerTest" />
                <testcase name="addCustomerTest" time="4.928" classname="com.hp.testcases.AddCustomerTest" />
                <testcase name="addCustomerTest" time="4.541" classname="com.hp.testcases.AddCustomerTest" />
                <testcase name="addCustomerTest" time="4.492" classname="com.hp.testcases.AddCustomerTest" />
      
</testsuite>
