<?xml version="1.0" encoding="UTF-8"?>
<!-- Generated by org.testng.reporters.JUnitXMLReporter -->
<testsuite hostname="admin-PC" ignored="0" name="Add Customer Test" tests="4" failures="0" timestamp="31 Dec 2017 14:22:41 GMT" time="19.41" errors="0">
  <testcase name="addCustomerTest" time="5.275" classname="com.hp.testcases.AddCustomerTest"/>
  <testcase name="addCustomerTest" time="4.828" classname="com.hp.testcases.AddCustomerTest"/>
  <testcase name="addCustomerTest" time="4.81" classname="com.hp.testcases.AddCustomerTest"/>
  <testcase name="addCustomerTest" time="4.474" classname="com.hp.testcases.AddCustomerTest"/>
</testsuite> <!-- Add Customer Test -->
