<?xml version="1.0" encoding="UTF-8"?>
<testsuite name="Add Customer Test"
           tests="4"
           failures="0"
           errors="0"
           skipped="0"
           time="19.387">
  <properties />
  
  
            <testcase name="addCustomerTest" time="5.275" classname="com.hp.testcases.AddCustomerTest" />
                <testcase name="addCustomerTest" time="4.810" classname="com.hp.testcases.AddCustomerTest" />
                <testcase name="addCustomerTest" time="4.474" classname="com.hp.testcases.AddCustomerTest" />
                <testcase name="addCustomerTest" time="4.828" classname="com.hp.testcases.AddCustomerTest" />
      
</testsuite>
