<?xml version="1.0" encoding="UTF-8"?>
<!-- Generated by org.testng.reporters.JUnitXMLReporter -->
<testsuite hostname="admin-PC" ignored="0" name="Add Customer Test" tests="4" failures="0" timestamp="06 Dec 2017 12:13:18 GMT" time="18.593" errors="0">
  <testcase name="addCustomerTest" time="4.928" classname="com.hp.testcases.AddCustomerTest"/>
  <testcase name="addCustomerTest" time="4.541" classname="com.hp.testcases.AddCustomerTest"/>
  <testcase name="addCustomerTest" time="4.492" classname="com.hp.testcases.AddCustomerTest"/>
  <testcase name="addCustomerTest" time="4.593" classname="com.hp.testcases.AddCustomerTest"/>
</testsuite> <!-- Add Customer Test -->
