<?xml version="1.0" encoding="UTF-8"?>
<testng-results skipped="0" failed="0" ignored="0" total="6" passed="6">
  <reporter-output>
  </reporter-output>
  <suite name="Suite" duration-ms="21779" started-at="2017-12-06T12:12:59Z" finished-at="2017-12-06T12:13:21Z">
    <groups>
    </groups>
    <test name="Bank Manger Login Test" duration-ms="302" started-at="2017-12-06T12:12:59Z" finished-at="2017-12-06T12:13:00Z">
      <class name="com.hp.testcases.BankManagerLoginTest">
        <test-method status="PASS" signature="bankManagerLoginTest()[pri:0, instance:com.hp.testcases.BankManagerLoginTest@d86a6f]" name="bankManagerLoginTest" duration-ms="278" started-at="2017-12-06T20:12:59Z" finished-at="2017-12-06T20:13:00Z">
          <reporter-output>
          </reporter-output>
        </test-method> <!-- bankManagerLoginTest -->
      </class> <!-- com.hp.testcases.BankManagerLoginTest -->
    </test> <!-- Bank Manger Login Test -->
    <test name="Add Customer Test" duration-ms="18593" started-at="2017-12-06T12:13:00Z" finished-at="2017-12-06T12:13:18Z">
      <class name="com.hp.testcases.AddCustomerTest">
        <test-method status="PASS" signature="addCustomerTest(java.lang.String, java.lang.String, java.lang.String, java.lang.String)[pri:0, instance:com.hp.testcases.AddCustomerTest@74ea2410]" name="addCustomerTest" duration-ms="4928" started-at="2017-12-06T20:13:00Z" data-provider="dp" finished-at="2017-12-06T20:13:05Z">
          <params>
            <param index="0">
              <value>
                <![CDATA[Raman]]>
              </value>
            </param>
            <param index="1">
              <value>
                <![CDATA[Arora]]>
              </value>
            </param>
            <param index="2">
              <value>
                <![CDATA[A234wd]]>
              </value>
            </param>
            <param index="3">
              <value>
                <![CDATA[Customer added successfully]]>
              </value>
            </param>
          </params>
          <reporter-output>
          </reporter-output>
        </test-method> <!-- addCustomerTest -->
        <test-method status="PASS" signature="addCustomerTest(java.lang.String, java.lang.String, java.lang.String, java.lang.String)[pri:0, instance:com.hp.testcases.AddCustomerTest@74ea2410]" name="addCustomerTest" duration-ms="4541" started-at="2017-12-06T20:13:05Z" data-provider="dp" finished-at="2017-12-06T20:13:09Z">
          <params>
            <param index="0">
              <value>
                <![CDATA[Rahul]]>
              </value>
            </param>
            <param index="1">
              <value>
                <![CDATA[Arora]]>
              </value>
            </param>
            <param index="2">
              <value>
                <![CDATA[A234wd]]>
              </value>
            </param>
            <param index="3">
              <value>
                <![CDATA[Customer added successfully]]>
              </value>
            </param>
          </params>
          <reporter-output>
          </reporter-output>
        </test-method> <!-- addCustomerTest -->
        <test-method status="PASS" signature="addCustomerTest(java.lang.String, java.lang.String, java.lang.String, java.lang.String)[pri:0, instance:com.hp.testcases.AddCustomerTest@74ea2410]" name="addCustomerTest" duration-ms="4492" started-at="2017-12-06T20:13:09Z" data-provider="dp" finished-at="2017-12-06T20:13:14Z">
          <params>
            <param index="0">
              <value>
                <![CDATA[Ishita]]>
              </value>
            </param>
            <param index="1">
              <value>
                <![CDATA[Arora]]>
              </value>
            </param>
            <param index="2">
              <value>
                <![CDATA[A234wd]]>
              </value>
            </param>
            <param index="3">
              <value>
                <![CDATA[Customer added successfully]]>
              </value>
            </param>
          </params>
          <reporter-output>
          </reporter-output>
        </test-method> <!-- addCustomerTest -->
        <test-method status="PASS" signature="addCustomerTest(java.lang.String, java.lang.String, java.lang.String, java.lang.String)[pri:0, instance:com.hp.testcases.AddCustomerTest@74ea2410]" name="addCustomerTest" duration-ms="4593" started-at="2017-12-06T20:13:14Z" data-provider="dp" finished-at="2017-12-06T20:13:18Z">
          <params>
            <param index="0">
              <value>
                <![CDATA[Rohit]]>
              </value>
            </param>
            <param index="1">
              <value>
                <![CDATA[Sehgal]]>
              </value>
            </param>
            <param index="2">
              <value>
                <![CDATA[A234wd]]>
              </value>
            </param>
            <param index="3">
              <value>
                <![CDATA[Customer added successfully]]>
              </value>
            </param>
          </params>
          <reporter-output>
          </reporter-output>
        </test-method> <!-- addCustomerTest -->
      </class> <!-- com.hp.testcases.AddCustomerTest -->
    </test> <!-- Add Customer Test -->
    <test name="Open Account Test" duration-ms="2839" started-at="2017-12-06T12:13:18Z" finished-at="2017-12-06T12:13:21Z">
      <class name="com.hp.testcases.OpenAccountTest">
        <test-method status="PASS" signature="setUp()[pri:0, instance:com.hp.testcases.OpenAccountTest@3e8c3cb]" name="setUp" is-config="true" duration-ms="6012" started-at="2017-12-06T20:12:53Z" finished-at="2017-12-06T20:12:59Z">
          <reporter-output>
          </reporter-output>
        </test-method> <!-- setUp -->
        <test-method status="PASS" signature="openAccountTest(java.lang.String, java.lang.String)[pri:0, instance:com.hp.testcases.OpenAccountTest@3e8c3cb]" name="openAccountTest" duration-ms="2834" started-at="2017-12-06T20:13:18Z" data-provider="dp" finished-at="2017-12-06T20:13:21Z">
          <params>
            <param index="0">
              <value>
                <![CDATA[Harry Potter]]>
              </value>
            </param>
            <param index="1">
              <value>
                <![CDATA[Rupee]]>
              </value>
            </param>
          </params>
          <reporter-output>
          </reporter-output>
        </test-method> <!-- openAccountTest -->
        <test-method status="PASS" signature="tearDown()[pri:0, instance:com.hp.testcases.OpenAccountTest@3e8c3cb]" name="tearDown" is-config="true" duration-ms="811" started-at="2017-12-06T20:13:21Z" finished-at="2017-12-06T20:13:22Z">
          <reporter-output>
          </reporter-output>
        </test-method> <!-- tearDown -->
      </class> <!-- com.hp.testcases.OpenAccountTest -->
    </test> <!-- Open Account Test -->
  </suite> <!-- Suite -->
</testng-results>
